e:\dhmt\th_b2\tamnguyenvan_2019605631\glslexperiment\debug\vc143.pdb
e:\dhmt\th_b2\tamnguyenvan_2019605631\glslexperiment\debug\vc143.idb
e:\dhmt\th_b2\tamnguyenvan_2019605631\glslexperiment\debug\example1.obj
e:\dhmt\th_b2\tamnguyenvan_2019605631\glslexperiment\debug\initshader.obj
e:\dhmt\th_b2\tamnguyenvan_2019605631\debug\glslexperiment.exe
e:\dhmt\th_b2\tamnguyenvan_2019605631\debug\glslexperiment.ilk
e:\dhmt\th_b2\tamnguyenvan_2019605631\debug\glslexperiment.pdb
f:\đồ họa máy tính\dhmt\dedongho_cochieuphoicanh\glslexperiment\debug\angel.obj
f:\đồ họa máy tính\dhmt\dedongho_cochieuphoicanh\glslexperiment\debug\example1.obj
f:\đồ họa máy tính\dhmt\dedongho_cochieuphoicanh\glslexperiment\debug\initshader.obj
f:\đồ họa máy tính\dhmt\dedongho_cochieuphoicanh\glslexperiment\debug\vc140.idb
f:\đồ họa máy tính\dhmt\dedongho_cochieuphoicanh\glslexperiment\debug\vc141.idb
f:\đồ họa máy tính\dhmt\dedongho_cochieuphoicanh\glslexperiment\debug\vc143.idb
f:\đồ họa máy tính\dhmt\dedongho_cochieuphoicanh\glslexperiment\debug\vc140.pdb
f:\đồ họa máy tính\dhmt\dedongho_cochieuphoicanh\glslexperiment\debug\vc141.pdb
f:\đồ họa máy tính\dhmt\dedongho_cochieuphoicanh\glslexperiment\debug\vc143.pdb
f:\đồ họa máy tính\dhmt\dedongho_cochieuphoicanh\debug\glslexperiment.pdb
f:\đồ họa máy tính\dhmt\dedongho_cochieuphoicanh\debug\glslexperiment.exe
f:\đồ họa máy tính\dhmt\dedongho_cochieuphoicanh\debug\glslexperiment.ilk
f:\đồ họa máy tính\dhmt\dedongho_cochieuphoicanh\glslexperiment\debug\glslexperiment.tlog\cl.command.1.tlog
f:\đồ họa máy tính\dhmt\dedongho_cochieuphoicanh\glslexperiment\debug\glslexperiment.tlog\cl.read.1.tlog
f:\đồ họa máy tính\dhmt\dedongho_cochieuphoicanh\glslexperiment\debug\glslexperiment.tlog\cl.write.1.tlog
f:\đồ họa máy tính\dhmt\dedongho_cochieuphoicanh\glslexperiment\debug\glslexperiment.tlog\link.command.1.tlog
f:\đồ họa máy tính\dhmt\dedongho_cochieuphoicanh\glslexperiment\debug\glslexperiment.tlog\link.read.1.tlog
f:\đồ họa máy tính\dhmt\dedongho_cochieuphoicanh\glslexperiment\debug\glslexperiment.tlog\link.write.1.tlog
